Mon Nov 11 2024 17:3:21 [REACH-IN] info: [32m🚀 Database connected successfully[39m
Mon Nov 11 2024 17:3:21 [REACH-IN] info: [33m♻️  Application listening on port:6001[39m
Mon Nov 11 2024 17:3:22 [REACH-IN] info: [32m🚀 Database connected successfully[39m
Mon Nov 11 2024 17:3:22 [REACH-IN] info: [33m♻️  Application listening on port:6001[39m
Mon Nov 11 2024 17:3:23 [REACH-IN] info: 192.168.10.102 - POST /api/v1/story 200 - 21.972 ms
Mon Nov 11 2024 17:3:27 [REACH-IN] info: 192.168.10.102 - GET /api/v1/story 200 - 3.585 ms
Mon Nov 11 2024 17:3:35 [REACH-IN] info: 192.168.10.102 - DELETE /api/v1/story/6731e47bb2f41d8d71673d3a 200 - 3.894 ms
Mon Nov 11 2024 17:3:39 [REACH-IN] info: 192.168.10.102 - GET /api/v1/story 200 - 2.907 ms
Mon Nov 11 2024 17:3:44 [REACH-IN] info: 192.168.10.102 - POST /api/v1/story 200 - 3.745 ms
Mon Nov 11 2024 17:3:48 [REACH-IN] info: 192.168.10.102 - GET /api/v1/story 200 - 2.004 ms
Mon Nov 11 2024 17:4:3 [REACH-IN] info: 192.168.10.102 - PATCH /api/v1/story/6731e490b2f41d8d71673d3f 200 - 7.311 ms
Mon Nov 11 2024 17:4:10 [REACH-IN] info: 192.168.10.102 - PATCH /api/v1/story/6731e490b2f41d8d71673d3f 200 - 4.832 ms
Mon Nov 11 2024 17:4:17 [REACH-IN] info: 192.168.10.102 - PATCH /api/v1/story/6731e490b2f41d8d71673d3f 200 - 3.007 ms
Mon Nov 11 2024 17:4:32 [REACH-IN] info: 192.168.10.102 - GET /api/v1/story 200 - 2.430 ms
Mon Nov 11 2024 17:4:51 [REACH-IN] info: [32m🚀 Database connected successfully[39m
Mon Nov 11 2024 17:4:51 [REACH-IN] info: [33m♻️  Application listening on port:6001[39m
Mon Nov 11 2024 17:4:51 [REACH-IN] info: 192.168.10.102 - GET /api/v1/blog 200 - 5.581 ms
Mon Nov 11 2024 17:15:46 [REACH-IN] info: [32m🚀 Database connected successfully[39m
Mon Nov 11 2024 17:15:46 [REACH-IN] info: [33m♻️  Application listening on port:6001[39m
Mon Nov 11 2024 17:15:51 [REACH-IN] info: [32m🚀 Database connected successfully[39m
Mon Nov 11 2024 17:15:51 [REACH-IN] info: [33m♻️  Application listening on port:6001[39m
Mon Nov 11 2024 17:15:57 [REACH-IN] info: [32m🚀 Database connected successfully[39m
Mon Nov 11 2024 17:15:57 [REACH-IN] info: [33m♻️  Application listening on port:6001[39m
Mon Nov 11 2024 17:16:0 [REACH-IN] info: [32m🚀 Database connected successfully[39m
Mon Nov 11 2024 17:16:0 [REACH-IN] info: [33m♻️  Application listening on port:6001[39m
Mon Nov 11 2024 17:16:3 [REACH-IN] info: [32m🚀 Database connected successfully[39m
Mon Nov 11 2024 17:16:3 [REACH-IN] info: [33m♻️  Application listening on port:6001[39m
Mon Nov 11 2024 17:16:15 [REACH-IN] info: [32m🚀 Database connected successfully[39m
Mon Nov 11 2024 17:16:15 [REACH-IN] info: [33m♻️  Application listening on port:6001[39m
Mon Nov 11 2024 17:17:7 [REACH-IN] info: [32m🚀 Database connected successfully[39m
Mon Nov 11 2024 17:17:7 [REACH-IN] info: [33m♻️  Application listening on port:6001[39m
Mon Nov 11 2024 17:17:19 [REACH-IN] info: [32m🚀 Database connected successfully[39m
Mon Nov 11 2024 17:17:19 [REACH-IN] info: [33m♻️  Application listening on port:6001[39m
Mon Nov 11 2024 17:17:20 [REACH-IN] info: [32m🚀 Database connected successfully[39m
Mon Nov 11 2024 17:17:20 [REACH-IN] info: [33m♻️  Application listening on port:6001[39m
Mon Nov 11 2024 17:17:21 [REACH-IN] info: [32m🚀 Database connected successfully[39m
Mon Nov 11 2024 17:17:21 [REACH-IN] info: [33m♻️  Application listening on port:6001[39m
Mon Nov 11 2024 17:17:29 [REACH-IN] info: [32m🚀 Database connected successfully[39m
Mon Nov 11 2024 17:17:29 [REACH-IN] info: [33m♻️  Application listening on port:6001[39m
Mon Nov 11 2024 17:18:2 [REACH-IN] info: [32m🚀 Database connected successfully[39m
Mon Nov 11 2024 17:18:2 [REACH-IN] info: [33m♻️  Application listening on port:6001[39m
Mon Nov 11 2024 17:20:54 [REACH-IN] info: [32m🚀 Database connected successfully[39m
Mon Nov 11 2024 17:20:54 [REACH-IN] info: [33m♻️  Application listening on port:6001[39m
Mon Nov 11 2024 17:21:14 [REACH-IN] info: [32m🚀 Database connected successfully[39m
Mon Nov 11 2024 17:21:14 [REACH-IN] info: [33m♻️  Application listening on port:6001[39m
Mon Nov 11 2024 17:21:22 [REACH-IN] info: [32m🚀 Database connected successfully[39m
Mon Nov 11 2024 17:21:22 [REACH-IN] info: [33m♻️  Application listening on port:6001[39m
Mon Nov 11 2024 17:21:23 [REACH-IN] info: [32m🚀 Database connected successfully[39m
Mon Nov 11 2024 17:21:23 [REACH-IN] info: [33m♻️  Application listening on port:6001[39m
Mon Nov 11 2024 17:21:37 [REACH-IN] info: [32m🚀 Database connected successfully[39m
Mon Nov 11 2024 17:21:37 [REACH-IN] info: [33m♻️  Application listening on port:6001[39m
Mon Nov 11 2024 17:21:56 [REACH-IN] info: [32m🚀 Database connected successfully[39m
Mon Nov 11 2024 17:21:56 [REACH-IN] info: [33m♻️  Application listening on port:6001[39m
Mon Nov 11 2024 17:21:57 [REACH-IN] info: [32m🚀 Database connected successfully[39m
Mon Nov 11 2024 17:21:57 [REACH-IN] info: [33m♻️  Application listening on port:6001[39m
Mon Nov 11 2024 17:22:17 [REACH-IN] info: 192.168.10.102 - POST /api/v1/user 200 - 239.281 ms
Mon Nov 11 2024 17:22:20 [REACH-IN] info: Mail send successfully
Mon Nov 11 2024 17:26:27 [REACH-IN] info: [32m🚀 Database connected successfully[39m
Mon Nov 11 2024 17:26:27 [REACH-IN] info: [33m♻️  Application listening on port:6001[39m
Mon Nov 11 2024 17:26:58 [REACH-IN] info: [32m🚀 Database connected successfully[39m
Mon Nov 11 2024 17:26:58 [REACH-IN] info: [33m♻️  Application listening on port:6001[39m
Mon Nov 11 2024 17:27:9 [REACH-IN] info: [32m🚀 Database connected successfully[39m
Mon Nov 11 2024 17:27:9 [REACH-IN] info: [33m♻️  Application listening on port:6001[39m
Mon Nov 11 2024 17:27:19 [REACH-IN] info: [32m🚀 Database connected successfully[39m
Mon Nov 11 2024 17:27:19 [REACH-IN] info: [33m♻️  Application listening on port:6001[39m
Mon Nov 11 2024 17:27:25 [REACH-IN] info: [32m🚀 Database connected successfully[39m
Mon Nov 11 2024 17:27:25 [REACH-IN] info: [33m♻️  Application listening on port:6001[39m
Mon Nov 11 2024 17:27:31 [REACH-IN] info: [32m🚀 Database connected successfully[39m
Mon Nov 11 2024 17:27:31 [REACH-IN] info: [33m♻️  Application listening on port:6001[39m
Mon Nov 11 2024 17:27:32 [REACH-IN] info: [32m🚀 Database connected successfully[39m
Mon Nov 11 2024 17:27:32 [REACH-IN] info: [33m♻️  Application listening on port:6001[39m
Mon Nov 11 2024 17:27:41 [REACH-IN] info: 192.168.10.102 - POST /api/v1/user 200 - 235.277 ms
Mon Nov 11 2024 17:27:44 [REACH-IN] info: Mail send successfully
Mon Nov 11 2024 17:28:12 [REACH-IN] info: 192.168.10.102 - POST /api/v1/auth/verify-email 200 - 7.853 ms
Mon Nov 11 2024 17:28:35 [REACH-IN] info: 192.168.10.102 - POST /api/v1/auth/login 200 - 202.431 ms
Mon Nov 11 2024 17:32:3 [REACH-IN] info: [32m🚀 Database connected successfully[39m
Mon Nov 11 2024 17:32:3 [REACH-IN] info: [33m♻️  Application listening on port:6001[39m
Mon Nov 11 2024 17:32:34 [REACH-IN] info: [32m🚀 Database connected successfully[39m
Mon Nov 11 2024 17:32:34 [REACH-IN] info: [33m♻️  Application listening on port:6001[39m
Mon Nov 11 2024 17:32:37 [REACH-IN] info: [32m🚀 Database connected successfully[39m
Mon Nov 11 2024 17:32:37 [REACH-IN] info: [33m♻️  Application listening on port:6001[39m
Mon Nov 11 2024 17:32:52 [REACH-IN] info: 192.168.10.102 - POST /api/v1/user 200 - 230.595 ms
Mon Nov 11 2024 17:32:55 [REACH-IN] info: Mail send successfully
Mon Nov 11 2024 17:36:4 [REACH-IN] info: [32m🚀 Database connected successfully[39m
Mon Nov 11 2024 17:36:4 [REACH-IN] info: [33m♻️  Application listening on port:6001[39m
Mon Nov 11 2024 17:36:29 [REACH-IN] info: [32m🚀 Database connected successfully[39m
Mon Nov 11 2024 17:36:29 [REACH-IN] info: [33m♻️  Application listening on port:6001[39m
Mon Nov 11 2024 17:36:35 [REACH-IN] info: [32m🚀 Database connected successfully[39m
Mon Nov 11 2024 17:36:35 [REACH-IN] info: [33m♻️  Application listening on port:6001[39m
Mon Nov 11 2024 17:36:40 [REACH-IN] info: [32m🚀 Database connected successfully[39m
Mon Nov 11 2024 17:36:40 [REACH-IN] info: [33m♻️  Application listening on port:6001[39m
Mon Nov 11 2024 17:36:46 [REACH-IN] info: [32m🚀 Database connected successfully[39m
Mon Nov 11 2024 17:36:46 [REACH-IN] info: [33m♻️  Application listening on port:6001[39m
Mon Nov 11 2024 17:37:37 [REACH-IN] info: [32m🚀 Database connected successfully[39m
Mon Nov 11 2024 17:37:37 [REACH-IN] info: [33m♻️  Application listening on port:6001[39m
Mon Nov 11 2024 17:37:43 [REACH-IN] info: [32m🚀 Database connected successfully[39m
Mon Nov 11 2024 17:37:43 [REACH-IN] info: [33m♻️  Application listening on port:6001[39m
Mon Nov 11 2024 17:38:4 [REACH-IN] info: [32m🚀 Database connected successfully[39m
Mon Nov 11 2024 17:38:4 [REACH-IN] info: [33m♻️  Application listening on port:6001[39m
Mon Nov 11 2024 17:38:51 [REACH-IN] info: [32m🚀 Database connected successfully[39m
Mon Nov 11 2024 17:38:51 [REACH-IN] info: [33m♻️  Application listening on port:6001[39m
Mon Nov 11 2024 17:38:54 [REACH-IN] info: [32m🚀 Database connected successfully[39m
Mon Nov 11 2024 17:38:54 [REACH-IN] info: [33m♻️  Application listening on port:6001[39m
Mon Nov 11 2024 17:39:27 [REACH-IN] info: [32m🚀 Database connected successfully[39m
Mon Nov 11 2024 17:39:27 [REACH-IN] info: [33m♻️  Application listening on port:6001[39m
Mon Nov 11 2024 17:40:7 [REACH-IN] info: [32m🚀 Database connected successfully[39m
Mon Nov 11 2024 17:40:7 [REACH-IN] info: [33m♻️  Application listening on port:6001[39m
Mon Nov 11 2024 17:40:8 [REACH-IN] info: [32m🚀 Database connected successfully[39m
Mon Nov 11 2024 17:40:8 [REACH-IN] info: [33m♻️  Application listening on port:6001[39m
Mon Nov 11 2024 17:40:9 [REACH-IN] info: [32m🚀 Database connected successfully[39m
Mon Nov 11 2024 17:40:9 [REACH-IN] info: [33m♻️  Application listening on port:6001[39m
Mon Nov 11 2024 17:40:13 [REACH-IN] info: [32m🚀 Database connected successfully[39m
Mon Nov 11 2024 17:40:13 [REACH-IN] info: [33m♻️  Application listening on port:6001[39m
Mon Nov 11 2024 17:40:16 [REACH-IN] info: [32m🚀 Database connected successfully[39m
Mon Nov 11 2024 17:40:16 [REACH-IN] info: [33m♻️  Application listening on port:6001[39m
Mon Nov 11 2024 17:42:44 [REACH-IN] info: [32m🚀 Database connected successfully[39m
Mon Nov 11 2024 17:42:44 [REACH-IN] info: [33m♻️  Application listening on port:6001[39m
Mon Nov 11 2024 17:42:56 [REACH-IN] info: [32m🚀 Database connected successfully[39m
Mon Nov 11 2024 17:42:56 [REACH-IN] info: [33m♻️  Application listening on port:6001[39m
Mon Nov 11 2024 17:43:16 [REACH-IN] info: [32m🚀 Database connected successfully[39m
Mon Nov 11 2024 17:43:16 [REACH-IN] info: [33m♻️  Application listening on port:6001[39m
Mon Nov 11 2024 17:43:16 [REACH-IN] info: [32m🚀 Database connected successfully[39m
Mon Nov 11 2024 17:43:16 [REACH-IN] info: [33m♻️  Application listening on port:6001[39m
Mon Nov 11 2024 17:43:17 [REACH-IN] info: [32m🚀 Database connected successfully[39m
Mon Nov 11 2024 17:43:17 [REACH-IN] info: [33m♻️  Application listening on port:6001[39m
Mon Nov 11 2024 17:43:20 [REACH-IN] info: 192.168.10.102 - POST /api/v1/auth/resend-otp 200 - 20.558 ms
Mon Nov 11 2024 17:43:23 [REACH-IN] info: Mail send successfully
Mon Nov 11 2024 17:43:35 [REACH-IN] info: 192.168.10.102 - POST /api/v1/auth/verify-email 200 - 10.148 ms
Mon Nov 11 2024 17:43:38 [REACH-IN] info: 192.168.10.102 - POST /api/v1/auth/login 200 - 203.622 ms
Mon Nov 11 2024 17:44:17 [REACH-IN] info: 192.168.10.102 - GET /api/v1/user/profile 200 - 5.124 ms
Mon Nov 11 2024 17:45:32 [REACH-IN] info: [32m🚀 Database connected successfully[39m
Mon Nov 11 2024 17:45:32 [REACH-IN] info: [33m♻️  Application listening on port:6001[39m
Mon Nov 11 2024 17:45:34 [REACH-IN] info: 192.168.10.102 - POST /api/v1/auth/refresh-token 200 - 14.665 ms
Mon Nov 11 2024 17:45:58 [REACH-IN] info: [32m🚀 Database connected successfully[39m
Mon Nov 11 2024 17:45:58 [REACH-IN] info: [33m♻️  Application listening on port:6001[39m
